<?xml version="1.0" encoding="UTF-8"?>
<!-- Generated by org.testng.reporters.JUnitReportReporter -->
<testsuite hostname="SHIV_MAHIMA" failures="0" tests="1" name="FacebookTest.FB_Test" time="15.377" errors="0" timestamp="2022-09-05T19:21:53 IST" skipped="0">
  <testcase classname="FacebookTest.FB_Test" name="Test1" time="15.377"/>
  <system-out/>
</testsuite> <!-- FacebookTest.FB_Test -->
