<?xml version="1.0" encoding="UTF-8"?>
<!-- Generated by org.testng.reporters.JUnitReportReporter -->
<testsuite hostname="SHIV_MAHIMA" failures="0" tests="1" name="KiteTest.Test_class" time="18.975" errors="0" timestamp="2022-09-05T22:07:24 IST" skipped="0">
  <testcase classname="KiteTest.Test_class" name="verifyuserID" time="18.975"/>
  <system-out>
    <![CDATA[running verify user idDPG458]]>
  </system-out>
</testsuite> <!-- KiteTest.Test_class -->
